<?xml version="1.0" encoding="UTF-8"?>
<testsuite xmlns:xsi="http://www.w3.org/2001/XMLSchema-instance" xsi:noNamespaceSchemaLocation="https://maven.apache.org/surefire/maven-surefire-plugin/xsd/surefire-test-report-3.0.xsd" version="3.0" name="com.zinqx.roaddefectsbackend.RoadDefectsBackendApplicationTests" time="3.833" tests="1" errors="0" skipped="0" failures="0">
  <properties>
[...]
</properties>
  <testcase name="contextLoads" classname="com.zinqx.roaddefectsbackend.RoadDefectsBackendApplicationTests" time="0.285">
    <system-out><![CDATA[10:19:16.745 [main] DEBUG org.springframework.test.context.BootstrapUtils - Instantiating CacheAwareContextLoaderDelegate from class [org.springframework.test.context.cache.DefaultCacheAwareContextLoaderDelegate]
10:19:16.752 [main] DEBUG org.springframework.test.context.BootstrapUtils - Instantiating BootstrapContext using constructor [public org.springframework.test.context.support.DefaultBootstrapContext(java.lang.Class,org.springframework.test.context.CacheAwareContextLoaderDelegate)]
10:19:16.778 [main] DEBUG org.springframework.test.context.BootstrapUtils - Instantiating TestContextBootstrapper for test class [com.zinqx.roaddefectsbackend.RoadDefectsBackendApplicationTests] from class [org.springframework.boot.test.context.SpringBootTestContextBootstrapper]
10:19:16.789 [main] INFO org.springframework.boot.test.context.SpringBootTestContextBootstrapper - Neither @ContextConfiguration nor @ContextHierarchy found for test class [com.zinqx.roaddefectsbackend.RoadDefectsBackendApplicationTests], using SpringBootContextLoader
10:19:16.792 [main] DEBUG org.springframework.test.context.support.AbstractContextLoader - Did not detect default resource location for test class [com.zinqx.roaddefectsbackend.RoadDefectsBackendApplicationTests]: class path resource [com/zinqx/roaddefectsbackend/RoadDefectsBackendApplicationTests-context.xml] does not exist
10:19:16.792 [main] DEBUG org.springframework.test.context.support.AbstractContextLoader - Did not detect default resource location for test class [com.zinqx.roaddefectsbackend.RoadDefectsBackendApplicationTests]: class path resource [com/zinqx/roaddefectsbackend/RoadDefectsBackendApplicationTestsContext.groovy] does not exist
10:19:16.793 [main] INFO org.springframework.test.context.support.AbstractContextLoader - Could not detect default resource locations for test class [com.zinqx.roaddefectsbackend.RoadDefectsBackendApplicationTests]: no resource found for suffixes {-context.xml, Context.groovy}.
10:19:16.793 [main] INFO org.springframework.test.context.support.AnnotationConfigContextLoaderUtils - Could not detect default configuration classes for test class [com.zinqx.roaddefectsbackend.RoadDefectsBackendApplicationTests]: RoadDefectsBackendApplicationTests does not declare any static, non-private, non-final, nested classes annotated with @Configuration.
10:19:16.829 [main] DEBUG org.springframework.test.context.support.ActiveProfilesUtils - Could not find an 'annotation declaring class' for annotation type [org.springframework.test.context.ActiveProfiles] and class [com.zinqx.roaddefectsbackend.RoadDefectsBackendApplicationTests]
10:19:16.868 [main] DEBUG org.springframework.context.annotation.ClassPathScanningCandidateComponentProvider - Identified candidate component class: file [D:\Stage_1\Road-defects\road-defects-backend\target\classes\com\zinqx\roaddefectsbackend\RoadDefectsBackendApplication.class]
10:19:16.868 [main] INFO org.springframework.boot.test.context.SpringBootTestContextBootstrapper - Found @SpringBootConfiguration com.zinqx.roaddefectsbackend.RoadDefectsBackendApplication for test class com.zinqx.roaddefectsbackend.RoadDefectsBackendApplicationTests
10:19:16.939 [main] DEBUG org.springframework.boot.test.context.SpringBootTestContextBootstrapper - @TestExecutionListeners is not present for class [com.zinqx.roaddefectsbackend.RoadDefectsBackendApplicationTests]: using defaults.
10:19:16.939 [main] INFO org.springframework.boot.test.context.SpringBootTestContextBootstrapper - Loaded default TestExecutionListener class names from location [META-INF/spring.factories]: [org.springframework.boot.test.mock.mockito.MockitoTestExecutionListener, org.springframework.boot.test.mock.mockito.ResetMocksTestExecutionListener, org.springframework.boot.test.autoconfigure.restdocs.RestDocsTestExecutionListener, org.springframework.boot.test.autoconfigure.web.client.MockRestServiceServerResetTestExecutionListener, org.springframework.boot.test.autoconfigure.web.servlet.MockMvcPrintOnlyOnFailureTestExecutionListener, org.springframework.boot.test.autoconfigure.web.servlet.WebDriverTestExecutionListener, org.springframework.boot.test.autoconfigure.webservices.client.MockWebServiceServerTestExecutionListener, org.springframework.test.context.web.ServletTestExecutionListener, org.springframework.test.context.support.DirtiesContextBeforeModesTestExecutionListener, org.springframework.test.context.event.ApplicationEventsTestExecutionListener, org.springframework.test.context.support.DependencyInjectionTestExecutionListener, org.springframework.test.context.support.DirtiesContextTestExecutionListener, org.springframework.test.context.transaction.TransactionalTestExecutionListener, org.springframework.test.context.jdbc.SqlScriptsTestExecutionListener, org.springframework.test.context.event.EventPublishingTestExecutionListener]
10:19:16.948 [main] INFO org.springframework.boot.test.context.SpringBootTestContextBootstrapper - Using TestExecutionListeners: [org.springframework.test.context.web.ServletTestExecutionListener@1cdc4c27, org.springframework.test.context.support.DirtiesContextBeforeModesTestExecutionListener@77b14724, org.springframework.test.context.event.ApplicationEventsTestExecutionListener@5d9b7a8a, org.springframework.boot.test.mock.mockito.MockitoTestExecutionListener@1e8ce150, org.springframework.boot.test.autoconfigure.SpringBootDependencyInjectionTestExecutionListener@604f2bd2, org.springframework.test.context.support.DirtiesContextTestExecutionListener@1d3ac898, org.springframework.test.context.transaction.TransactionalTestExecutionListener@1b73be9f, org.springframework.test.context.jdbc.SqlScriptsTestExecutionListener@628c4ac0, org.springframework.test.context.event.EventPublishingTestExecutionListener@7b84fcf8, org.springframework.boot.test.mock.mockito.ResetMocksTestExecutionListener@30b19518, org.springframework.boot.test.autoconfigure.restdocs.RestDocsTestExecutionListener@363042d7, org.springframework.boot.test.autoconfigure.web.client.MockRestServiceServerResetTestExecutionListener@366ac49b, org.springframework.boot.test.autoconfigure.web.servlet.MockMvcPrintOnlyOnFailureTestExecutionListener@6ad59d92, org.springframework.boot.test.autoconfigure.web.servlet.WebDriverTestExecutionListener@56f0cc85, org.springframework.boot.test.autoconfigure.webservices.client.MockWebServiceServerTestExecutionListener@62e20a76]
10:19:16.950 [main] DEBUG org.springframework.test.context.support.AbstractDirtiesContextTestExecutionListener - Before test class: context [DefaultTestContext@66746f57 testClass = RoadDefectsBackendApplicationTests, testInstance = [null], testMethod = [null], testException = [null], mergedContextConfiguration = [WebMergedContextConfiguration@447a020 testClass = RoadDefectsBackendApplicationTests, locations = '{}', classes = '{class com.zinqx.roaddefectsbackend.RoadDefectsBackendApplication}', contextInitializerClasses = '[]', activeProfiles = '{}', propertySourceLocations = '{}', propertySourceProperties = '{org.springframework.boot.test.context.SpringBootTestContextBootstrapper=true}', contextCustomizers = set[org.springframework.boot.test.context.filter.ExcludeFilterContextCustomizer@606e4010, org.springframework.boot.test.json.DuplicateJsonObjectContextCustomizerFactory$DuplicateJsonObjectContextCustomizer@68c9133c, org.springframework.boot.test.mock.mockito.MockitoContextCustomizer@0, org.springframework.boot.test.web.client.TestRestTemplateContextCustomizer@1750fbeb, org.springframework.boot.test.autoconfigure.actuate.metrics.MetricsExportContextCustomizerFactory$DisableMetricExportContextCustomizer@183ec003, org.springframework.boot.test.autoconfigure.properties.PropertyMappingContextCustomizer@0, org.springframework.boot.test.autoconfigure.web.servlet.WebDriverContextCustomizerFactory$Customizer@35841320, org.springframework.boot.test.context.SpringBootTestArgs@1, org.springframework.boot.test.context.SpringBootTestWebEnvironment@101df177], resourceBasePath = 'src/main/webapp', contextLoader = 'org.springframework.boot.test.context.SpringBootContextLoader', parent = [null]], attributes = map['org.springframework.test.context.web.ServletTestExecutionListener.activateListener' -> true]], class annotated with @DirtiesContext [false] with mode [null].

  .   ____          _            __ _ _
 /\\ / ___'_ __ _ _(_)_ __  __ _ \ \ \ \
( ( )\___ | '_ | '_| | '_ \/ _` | \ \ \ \
 \\/  ___)| |_)| | | | | || (_| |  ) ) ) )
  '  |____| .__|_| |_|_| |_\__, | / / / /
 =========|_|==============|___/=/_/_/_/
 :: Spring Boot ::               (v2.6.13)

2026-03-16 10:19:17.169  INFO 70376 --- [           main] c.z.r.RoadDefectsBackendApplicationTests : Starting RoadDefectsBackendApplicationTests using Java 17.0.14 on Lenovo with PID 70376 (started by 23378 in D:\Stage_1\Road-defects\road-defects-backend)
2026-03-16 10:19:17.169  INFO 70376 --- [           main] c.z.r.RoadDefectsBackendApplicationTests : The following 1 profile is active: "local"
2026-03-16 10:19:17.728  WARN 70376 --- [           main] o.m.s.mapper.ClassPathMapperScanner      : Skipping MapperFactoryBean with name 'pictureMapper' and 'com.zinqx.roaddefectsbackend.mapper.PictureMapper' mapperInterface. Bean already defined with the same name!
2026-03-16 10:19:17.728  WARN 70376 --- [           main] o.m.s.mapper.ClassPathMapperScanner      : Skipping MapperFactoryBean with name 'userMapper' and 'com.zinqx.roaddefectsbackend.mapper.UserMapper' mapperInterface. Bean already defined with the same name!
2026-03-16 10:19:17.728  WARN 70376 --- [           main] o.m.s.mapper.ClassPathMapperScanner      : No MyBatis mapper was found in '[com.zinqx.roaddefectsbackend.mapper]' package. Please check your configuration.
Logging initialized using 'class org.apache.ibatis.logging.stdout.StdOutImpl' adapter.
Get /192.168.198.1 network interface 
Get network interface info: name:eth6 (VMware Virtual Ethernet Adapter for VMnet1)
Initialization Sequence datacenterId:4 workerId:5
 _ _   |_  _ _|_. ___ _ |    _ 
| | |\/|_)(_| | |_\  |_)||_|_\ 
     /               |         
                        3.5.9 
2026-03-16 10:19:19.602  INFO 70376 --- [           main] o.s.b.a.w.s.WelcomePageHandlerMapping    : Adding welcome page: class path resource [static/index.html]
2026-03-16 10:19:19.767  INFO 70376 --- [           main] pertySourcedRequestMappingHandlerMapping : Mapped URL path [/v2/api-docs] onto method [springfox.documentation.swagger2.web.Swagger2ControllerWebMvc#getDocumentation(String, HttpServletRequest)]
2026-03-16 10:19:19.974  INFO 70376 --- [           main] d.s.w.p.DocumentationPluginsBootstrapper : Documentation plugins bootstrapped
2026-03-16 10:19:19.980  INFO 70376 --- [           main] d.s.w.p.DocumentationPluginsBootstrapper : Found 1 custom documentation plugin(s)
2026-03-16 10:19:20.020  INFO 70376 --- [           main] s.d.s.w.s.ApiListingReferenceScanner     : Scanning for api listing references
2026-03-16 10:19:20.190  INFO 70376 --- [           main] c.z.r.RoadDefectsBackendApplicationTests : Started RoadDefectsBackendApplicationTests in 3.217 seconds (JVM running for 4.478)
]]></system-out>
  </testcase>
</testsuite>